#######################################################################################
# log primitive debug message of FSDB dumping                                         #
# This is for R&D to analyze when there are issues happening when FSDB dump           #
#######################################################################################
ANF: vcsd_get_serial_mode_status('./run_me_before_verdi.bin: undefined symbol: vcsd_get_serial_mode_status')
ANF: vcsd_enable_sva_success_callback('./run_me_before_verdi.bin: undefined symbol: vcsd_enable_sva_success_callback')
ANF: vcsd_disable_sva_success_callback('./run_me_before_verdi.bin: undefined symbol: vcsd_disable_sva_success_callback')
ANF: vcsd_get_power_scope_name('./run_me_before_verdi.bin: undefined symbol: vcsd_get_power_scope_name')
ANF: vcsd_begin_no_value_var_info('./run_me_before_verdi.bin: undefined symbol: vcsd_begin_no_value_var_info')
ANF: vcsd_end_no_value_var_info('./run_me_before_verdi.bin: undefined symbol: vcsd_end_no_value_var_info')
ANF: vcsd_remove_xprop_merge_mode_callback('./run_me_before_verdi.bin: undefined symbol: vcsd_remove_xprop_merge_mode_callback')
ANF: vhpi_get_cb_info('./run_me_before_verdi.bin: undefined symbol: vhpi_get_cb_info')
ANF: vhpi_free_handle('./run_me_before_verdi.bin: undefined symbol: vhpi_free_handle')
ANF: vhpi_fetch_vcsd_handle('./run_me_before_verdi.bin: undefined symbol: vhpi_fetch_vcsd_handle')
ANF: vhpi_fetch_vpi_handle('./run_me_before_verdi.bin: undefined symbol: vhpi_fetch_vpi_handle')
ANF: vhpi_has_verilog_parent('./run_me_before_verdi.bin: undefined symbol: vhpi_has_verilog_parent')
ANF: vhpi_is_verilog_scope('./run_me_before_verdi.bin: undefined symbol: vhpi_is_verilog_scope')
ANF: scsd_xprop_is_enabled('./run_me_before_verdi.bin: undefined symbol: scsd_xprop_is_enabled')
ANF: scsd_xprop_sig_is_promoted('./run_me_before_verdi.bin: undefined symbol: scsd_xprop_sig_is_promoted')
ANF: scsd_xprop_int_xvalue('./run_me_before_verdi.bin: undefined symbol: scsd_xprop_int_xvalue')
ANF: scsd_xprop_bool_xvalue('./run_me_before_verdi.bin: undefined symbol: scsd_xprop_bool_xvalue')
ANF: scsd_xprop_enum_xvalue('./run_me_before_verdi.bin: undefined symbol: scsd_xprop_enum_xvalue')
ANF: scsd_xprop_register_merge_mode_cb('./run_me_before_verdi.bin: undefined symbol: scsd_xprop_register_merge_mode_cb')
ANF: scsd_xprop_delete_merge_mode_cb('./run_me_before_verdi.bin: undefined symbol: scsd_xprop_delete_merge_mode_cb')
ANF: scsd_xprop_get_merge_mode('./run_me_before_verdi.bin: undefined symbol: scsd_xprop_get_merge_mode')
ANF: scsd_thread_get_info('./run_me_before_verdi.bin: undefined symbol: scsd_thread_get_info')
ANF: scsd_thread_vc_init('./run_me_before_verdi.bin: undefined symbol: scsd_thread_vc_init')
ANF: scsd_master_set_delta_sync_cbk('./run_me_before_verdi.bin: undefined symbol: scsd_master_set_delta_sync_cbk')
ANF: scsd_fgp_get_fsdb_cores('./run_me_before_verdi.bin: undefined symbol: scsd_fgp_get_fsdb_cores')
ANF: msvEnableDumpingMode('./run_me_before_verdi.bin: undefined symbol: msvEnableDumpingMode')
ANF: msvGetVersion('./run_me_before_verdi.bin: undefined symbol: msvGetVersion')
ANF: msvGetInstProp('./run_me_before_verdi.bin: undefined symbol: msvGetInstProp')
ANF: msvIsSpiceEngineReady('./run_me_before_verdi.bin: undefined symbol: msvIsSpiceEngineReady')
ANF: msvSetAddProbeCallback('./run_me_before_verdi.bin: undefined symbol: msvSetAddProbeCallback')
ANF: msvGetInstHandle('./run_me_before_verdi.bin: undefined symbol: msvGetInstHandle')
ANF: msvGetProbeByInst('./run_me_before_verdi.bin: undefined symbol: msvGetProbeByInst')
ANF: msvGetSigHandle('./run_me_before_verdi.bin: undefined symbol: msvGetSigHandle')
ANF: msvGetProbeBySig('./run_me_before_verdi.bin: undefined symbol: msvGetProbeBySig')
ANF: msvGetProbeInfo('./run_me_before_verdi.bin: undefined symbol: msvGetProbeInfo')
ANF: msvRelease('./run_me_before_verdi.bin: undefined symbol: msvRelease')
ANF: msvSetVcCallbackFunc('./run_me_before_verdi.bin: undefined symbol: msvSetVcCallbackFunc')
ANF: msvCheckVcCallback('./run_me_before_verdi.bin: undefined symbol: msvCheckVcCallback')
ANF: msvAddVcCallback('./run_me_before_verdi.bin: undefined symbol: msvAddVcCallback')
ANF: msvRemoveVcCallback('./run_me_before_verdi.bin: undefined symbol: msvRemoveVcCallback')
ANF: msvGetLatestValue('./run_me_before_verdi.bin: undefined symbol: msvGetLatestValue')
ANF: msvSetEndofSimCallback('./run_me_before_verdi.bin: undefined symbol: msvSetEndofSimCallback')
ANF: msvIgnoredProbe('./run_me_before_verdi.bin: undefined symbol: msvIgnoredProbe')
ANF: msvGetThruNetInfo('./run_me_before_verdi.bin: undefined symbol: msvGetThruNetInfo')
ANF: msvFreeThruNetInfo('./run_me_before_verdi.bin: undefined symbol: msvFreeThruNetInfo')
ANF: PI_ace_get_output_time_unit('./run_me_before_verdi.bin: undefined symbol: PI_ace_get_output_time_unit')
ANF: PI_ace_sim_sync('./run_me_before_verdi.bin: undefined symbol: PI_ace_sim_sync')
ANF: msvGetRereadInitFile('./run_me_before_verdi.bin: undefined symbol: msvGetRereadInitFile')
ANF: msvSetBeforeRereadCallback('./run_me_before_verdi.bin: undefined symbol: msvSetBeforeRereadCallback')
ANF: msvSetAfterRereadCallback('./run_me_before_verdi.bin: undefined symbol: msvSetAfterRereadCallback')
ANF: msvSetForceCallback('./run_me_before_verdi.bin: undefined symbol: msvSetForceCallback')
ANF: msvSetReleaseCallback('./run_me_before_verdi.bin: undefined symbol: msvSetReleaseCallback')
ANF: msvGetForceStatus('./run_me_before_verdi.bin: undefined symbol: msvGetForceStatus')
ANF: vhdi_dt_get_type('./run_me_before_verdi.bin: undefined symbol: vhdi_dt_get_type')
ANF: vhdi_dt_get_key('./run_me_before_verdi.bin: undefined symbol: vhdi_dt_get_key')
ANF: vhdi_dt_get_vhdl_enum_info('./run_me_before_verdi.bin: undefined symbol: vhdi_dt_get_vhdl_enum_info')
ANF: vhdi_dt_get_vhdl_physical_info('./run_me_before_verdi.bin: undefined symbol: vhdi_dt_get_vhdl_physical_info')
ANF: vhdi_dt_get_vhdl_array_info('./run_me_before_verdi.bin: undefined symbol: vhdi_dt_get_vhdl_array_info')
ANF: vhdi_dt_get_vhdl_record_info('./run_me_before_verdi.bin: undefined symbol: vhdi_dt_get_vhdl_record_info')
ANF: vhdi_def_traverse_module('./run_me_before_verdi.bin: undefined symbol: vhdi_def_traverse_module')
ANF: vhdi_def_traverse_scope('./run_me_before_verdi.bin: undefined symbol: vhdi_def_traverse_scope')
ANF: vhdi_def_traverse_variable('./run_me_before_verdi.bin: undefined symbol: vhdi_def_traverse_variable')
ANF: vhdi_def_get_module_id_by_vhpi('./run_me_before_verdi.bin: undefined symbol: vhdi_def_get_module_id_by_vhpi')
ANF: vhdi_def_get_handle_by_module_id('./run_me_before_verdi.bin: undefined symbol: vhdi_def_get_handle_by_module_id')
ANF: vhdi_def_get_variable_info_by_vhpi('./run_me_before_verdi.bin: undefined symbol: vhdi_def_get_variable_info_by_vhpi')
ANF: vhdi_def_free('./run_me_before_verdi.bin: undefined symbol: vhdi_def_free')
ANF: vhdi_ist_traverse_scope('./run_me_before_verdi.bin: undefined symbol: vhdi_ist_traverse_scope')
ANF: vhdi_ist_traverse_variable('./run_me_before_verdi.bin: undefined symbol: vhdi_ist_traverse_variable')
ANF: vhdi_ist_convert_by_vhpi('./run_me_before_verdi.bin: undefined symbol: vhdi_ist_convert_by_vhpi')
ANF: vhdi_ist_clone('./run_me_before_verdi.bin: undefined symbol: vhdi_ist_clone')
ANF: vhdi_ist_free('./run_me_before_verdi.bin: undefined symbol: vhdi_ist_free')
ANF: vhdi_ist_hash_key('./run_me_before_verdi.bin: undefined symbol: vhdi_ist_hash_key')
ANF: vhdi_ist_compare('./run_me_before_verdi.bin: undefined symbol: vhdi_ist_compare')
ANF: vhdi_ist_get_value_addr('./run_me_before_verdi.bin: undefined symbol: vhdi_ist_get_value_addr')
ANF: vhdi_set_scsd_callback('./run_me_before_verdi.bin: undefined symbol: vhdi_set_scsd_callback')
ANF: vhdi_cbk_set_force_callback('./run_me_before_verdi.bin: undefined symbol: vhdi_cbk_set_force_callback')
ANF: vhdi_trigger_init_force('./run_me_before_verdi.bin: undefined symbol: vhdi_trigger_init_force')
ANF: vhdi_ist_check_scsd_callback('./run_me_before_verdi.bin: undefined symbol: vhdi_ist_check_scsd_callback')
ANF: vhdi_ist_add_scsd_callback('./run_me_before_verdi.bin: undefined symbol: vhdi_ist_add_scsd_callback')
ANF: vhdi_ist_remove_scsd_callback('./run_me_before_verdi.bin: undefined symbol: vhdi_ist_remove_scsd_callback')
ANF: vhdi_ist_get_scsd_user_data('./run_me_before_verdi.bin: undefined symbol: vhdi_ist_get_scsd_user_data')
ANF: vhdi_add_time_change_callback('./run_me_before_verdi.bin: undefined symbol: vhdi_add_time_change_callback')
ANF: vhdi_get_real_value_by_value_addr('./run_me_before_verdi.bin: undefined symbol: vhdi_get_real_value_by_value_addr')
ANF: vhdi_get_64_value_by_value_addr('./run_me_before_verdi.bin: undefined symbol: vhdi_get_64_value_by_value_addr')
ANF: vhdi_xprop_inst_is_promoted('./run_me_before_verdi.bin: undefined symbol: vhdi_xprop_inst_is_promoted')
ANF: vdi_ist_convert_by_vhdi('./run_me_before_verdi.bin: undefined symbol: vdi_ist_convert_by_vhdi')
ANF: vhdi_ist_get_module_id('./run_me_before_verdi.bin: undefined symbol: vhdi_ist_get_module_id')
ANF: vhdi_refine_foreign_scope_type('./run_me_before_verdi.bin: undefined symbol: vhdi_refine_foreign_scope_type')
ANF: vhdi_flush_callback('./run_me_before_verdi.bin: undefined symbol: vhdi_flush_callback')
ANF: vhdi_set_orig_name('./run_me_before_verdi.bin: undefined symbol: vhdi_set_orig_name')
ANF: vhdi_set_dump_pt('./run_me_before_verdi.bin: undefined symbol: vhdi_set_dump_pt')
ANF: vhdi_get_fsdb_option('./run_me_before_verdi.bin: undefined symbol: vhdi_get_fsdb_option')
ANF: vhdi_fgp_get_mode('./run_me_before_verdi.bin: undefined symbol: vhdi_fgp_get_mode')
ANF: vhdi_node_register_composite_var('./run_me_before_verdi.bin: undefined symbol: vhdi_node_register_composite_var')
ANF: vhdi_node_analysis('./run_me_before_verdi.bin: undefined symbol: vhdi_node_analysis')
ANF: vhdi_node_id('./run_me_before_verdi.bin: undefined symbol: vhdi_node_id')
ANF: vhdi_node_ist_check_scsd_callback('./run_me_before_verdi.bin: undefined symbol: vhdi_node_ist_check_scsd_callback')
ANF: vhdi_node_ist_add_scsd_callback('./run_me_before_verdi.bin: undefined symbol: vhdi_node_ist_add_scsd_callback')
ANF: vhdi_node_ist_get_value_addr('./run_me_before_verdi.bin: undefined symbol: vhdi_node_ist_get_value_addr')
VCS compile option:
 option[0]: ./run_me_before_verdi.bin
 option[1]: /home/rhino/1-EssentialAPP/Synopsys/vcs/O-2018.09-SP2/linux64/bin/vcs1
 option[2]: -Mcc=gcc
 option[3]: -Mcplusplus=g++
 option[4]: -Masflags=
 option[5]: -Mcfl= -pipe -fPIC -O -I/home/rhino/1-EssentialAPP/Synopsys/vcs/O-2018.09-SP2/include 
 option[6]: -Mxcflags= -pipe -fPIC -I/home/rhino/1-EssentialAPP/Synopsys/vcs/O-2018.09-SP2/include
 option[7]: -Mldflags= -rdynamic 
 option[8]: -Mout=run_me_before_verdi.bin
 option[9]: -Mamsrun=
 option[10]: -Mvcsaceobjs=
 option[11]: -Mobjects= /home/rhino/1-EssentialAPP/Synopsys/vcs/O-2018.09-SP2/linux64/lib/libvirsim.so /home/rhino/1-EssentialAPP/Synopsys/vcs/O-2018.09-SP2/linux64/lib/liberrorinf.so /home/rhino/1-EssentialAPP/Synopsys/vcs/O-2018.09-SP2/linux64/lib/libsnpsmalloc.so /home/rhino/1-EssentialAPP/Synopsys/vcs/O-2018.09-SP2/linux64/lib/libvfs.so 
 option[12]: -Mexternalobj=
 option[13]: -Msaverestoreobj=/home/rhino/1-EssentialAPP/Synopsys/vcs/O-2018.09-SP2/linux64/lib/vcs_save_restore_new.o
 option[14]: -Mcrt0=
 option[15]: -Mcrtn=
 option[16]: -Mcsrc=
 option[17]: -Mupdate
 option[18]: -Msyslibs=/home/rhino/1-EssentialAPP/Synopsys/verdi/Verdi_O-2018.09-SP2/share/PLI/VCS/LINUX64/pli.a -ldl 
 option[19]: -full64
 option[20]: -debug_access+all
 option[21]: +vpi
 option[22]: +vcsd1
 option[23]: +itf+/home/rhino/1-EssentialAPP/Synopsys/vcs/O-2018.09-SP2/linux64/lib/vcsdp_lite.tab
 option[24]: -o
 option[25]: run_me_before_verdi.bin
 option[26]: -picarchive
 option[27]: -P
 option[28]: /home/rhino/1-EssentialAPP/Synopsys/verdi/Verdi_O-2018.09-SP2/share/PLI/VCS/LINUX64/verdi.tab
 option[29]: -fsdb
 option[30]: -gen_obj
 option[31]: zuart_controller.v
 option[32]: zuart_controller_tb.v
 option[33]: -load
 option[34]: /home/rhino/1-EssentialAPP/Synopsys/verdi/Verdi_O-2018.09-SP2/share/PLI/VCS/LINUX64/libnovas.so:FSDBDumpCmd
Chronologic Simulation VCS Release O-2018.09-SP2_Full64
Linux 6.12.20-2-MANJARO #1 SMP PREEMPT_DYNAMIC Mon, 24 Mar 2025 06:33:36 +0000 x86_64
CPU cores: 8
Limit information:
======================================
cputime		unlimited
filesize		unlimited
datasize		unlimited
stacksize		8192 kbytes
coredumpsize		unlimited
memoryuse		unlimited
vmemoryuse		unlimited
descriptors		524288
memorylocked		8192 kbytes
maxproc		29850
======================================
(Special)Runtime environment variables:

Runtime environment variables:
SHELL=/bin/bash
SESSION_MANAGER=local/RHINO-PC:@/tmp/.ICE-unix/934,unix/RHINO-PC:/tmp/.ICE-unix/934
WINDOWID=4194318
QT_SCREEN_SCALE_FACTORS=eDP-1=1.25;HDMI-1=1.25;DP-1=1.25;DP-2=1.25;DP-3=1.25;DP-4=1.25;
COLORTERM=truecolor
VCS_ARCH_OVERRIDE=linux
XDG_CONFIG_DIRS=/home/rhino/.config/kdedefaults:/etc/xdg:/usr/share/manjaro-kde-settings/xdg
LESS=-R
SYNOPSYS=/home/rhino/1-EssentialAPP/Synopsys
XDG_SESSION_PATH=/org/freedesktop/DisplayManager/Session1
VCS_TARGET_ARCH=amd64
XDG_MENU_PREFIX=plasma-
VCS_HOME=/home/rhino/1-EssentialAPP/Synopsys/vcs/O-2018.09-SP2
ICEAUTHORITY=/run/user/1000/iceauth_paKJRJ
LANGUAGE=en_US
_P9K_TTY=/dev/pts/1
LESS_TERMCAP_se=[0m
LESS_TERMCAP_so=[01;47;34m
LC_ADDRESS=fil_PH
LC_NAME=fil_PH
P9K_TTY=old
SHELL_SESSION_ID=405b50c18b9b4ff2b7fc90b9035e30b8
MEMORY_PRESSURE_WRITE=c29tZSAyMDAwMDAgMjAwMDAwMAA=
VERDI_HOME=/home/rhino/1-EssentialAPP/Synopsys/verdi/Verdi_O-2018.09-SP2
DESKTOP_SESSION=plasma
LC_MONETARY=fil_PH
GTK_RC_FILES=/etc/gtk/gtkrc:/home/rhino/.gtkrc:/home/rhino/.config/gtkrc
GTK_MODULES=canberra-gtk-module
XDG_SEAT=seat0
PWD=/home/rhino/3-Github/TMR_iCE40UP5K/uart
XDG_SESSION_DESKTOP=KDE
LOGNAME=rhino
XDG_SESSION_TYPE=x11
NPI_PLATFORM=LINUX64_GNU_472
SYSTEMD_EXEC_PID=1236
XAUTHORITY=/tmp/xauth_HcWbvo
LS_OPTIONS=--color=auto
MOTD_SHOWN=pam
GTK2_RC_FILES=/etc/gtk-2.0/gtkrc:/home/rhino/.gtkrc-2.0:/home/rhino/.config/gtkrc-2.0
HOME=/home/rhino
LC_PAPER=fil_PH
LANG=en_US.UTF-8
LS_COLORS=rs=0:di=01;34:ln=01;36:mh=00:pi=40;33:so=01;35:do=01;35:bd=40;33;01:cd=40;33;01:or=01;05;37;41:mi=01;05;37;41:su=37;41:sg=30;43:ca=30;41:tw=30;42:ow=34;42:st=37;44:ex=01;32:*.tar=01;31:*.tgz=01;31:*.arc=01;31:*.arj=01;31:*.taz=01;31:*.lha=01;31:*.lz4=01;31:*.lzh=01;31:*.lzma=01;31:*.tlz=01;31:*.txz=01;31:*.tzo=01;31:*.t7z=01;31:*.zip=01;31:*.z=01;31:*.Z=01;31:*.dz=01;31:*.gz=01;31:*.lrz=01;31:*.lz=01;31:*.lzo=01;31:*.xz=01;31:*.bz2=01;31:*.bz=01;31:*.tbz=01;31:*.tbz2=01;31:*.tz=01;31:*.deb=01;31:*.rpm=01;31:*.jar=01;31:*.war=01;31:*.ear=01;31:*.sar=01;31:*.rar=01;31:*.alz=01;31:*.ace=01;31:*.zoo=01;31:*.cpio=01;31:*.7z=01;31:*.rz=01;31:*.cab=01;31:*.jpg=01;35:*.jpeg=01;35:*.gif=01;35:*.bmp=01;35:*.pbm=01;35:*.pgm=01;35:*.ppm=01;35:*.tga=01;35:*.xbm=01;35:*.xpm=01;35:*.tif=01;35:*.tiff=01;35:*.png=01;35:*.svg=01;35:*.svgz=01;35:*.mng=01;35:*.pcx=01;35:*.mov=01;35:*.mpg=01;35:*.mpeg=01;35:*.m2v=01;35:*.mkv=01;35:*.webm=01;35:*.ogm=01;35:*.mp4=01;35:*.m4v=01;35:*.mp4v=01;35:*.vob=01;35:*.qt=01;35:*.nuv=01;35:*.wmv=01;35:*.asf=01;35:*.rm=01;35:*.rmvb=01;35:*.flc=01;35:*.avi=01;35:*.fli=01;35:*.flv=01;35:*.gl=01;35:*.dl=01;35:*.xcf=01;35:*.xwd=01;35:*.yuv=01;35:*.cgm=01;35:*.emf=01;35:*.axv=01;35:*.anx=01;35:*.ogv=01;35:*.ogx=01;35:*.pdf=00;32:*.ps=00;32:*.txt=00;32:*.patch=00;32:*.diff=00;32:*.log=00;32:*.tex=00;32:*.doc=00;32:*.aac=00;36:*.au=00;36:*.flac=00;36:*.m4a=00;36:*.mid=00;36:*.midi=00;36:*.mka=00;36:*.mp3=00;36:*.mpc=00;36:*.ogg=00;36:*.ra=00;36:*.wav=00;36:*.axa=00;36:*.oga=00;36:*.spx=00;36:*.xspf=00;36:
XDG_CURRENT_DESKTOP=KDE
KONSOLE_DBUS_SERVICE=:1.59
MEMORY_PRESSURE_WATCH=/sys/fs/cgroup/user.slice/user-1000.slice/user@1000.service/app.slice/app-org.kde.plasma\x2dfallback\x2dsession\x2drestore@autostart.service/memory.pressure
KONSOLE_DBUS_SESSION=/Sessions/1
PROFILEHOME=
XDG_SEAT_PATH=/org/freedesktop/DisplayManager/Seat0
INVOCATION_ID=f62198a04c5d4d3ca1c05d2b5acf827c
KONSOLE_VERSION=241203
MANAGERPID=819
KDE_SESSION_UID=1000
XDG_SESSION_CLASS=user
SNPSLMD_LICENSE_FILE=27000@RHINO-PC
TERM=xterm-256color
LC_IDENTIFICATION=fil_PH
LESS_TERMCAP_mb=[01;32m
LESS_TERMCAP_me=[0m
LESS_TERMCAP_md=[01;32m
USER=rhino
VERDI_DIR=/home/rhino/1-EssentialAPP/Synopsys/verdi/Verdi_O-2018.09-SP2
COLORFGBG=15;0
KDE_SESSION_VERSION=6
PAM_KWALLET5_LOGIN=/run/user/1000/kwallet5.socket
DISPLAY=:0
NOVAS_INST_DIR=/home/rhino/1-EssentialAPP/Synopsys/verdi/Verdi_O-2018.09-SP2
LESS_TERMCAP_ue=[0m
SHLVL=2
LESS_TERMCAP_us=[01;36m
LC_TELEPHONE=fil_PH
_P9K_SSH_TTY=/dev/pts/1
LC_MEASUREMENT=fil_PH
XDG_VTNR=2
XDG_SESSION_ID=2
QT_LINUX_ACCESSIBILITY_ALWAYS_ON=1
LM_LICENSE_FILE=/home/rhino/1-EssentialAPP/Synopsys/Synopsys.dat
LD_LIBRARY_PATH=/home/rhino/1-EssentialAPP/Synopsys/verdi/Verdi_O-2018.09-SP2/share/NPI/lib/LINUX64_GNU_520:/home/rhino/1-EssentialAPP/Synopsys/verdi/Verdi_O-2018.09-SP2/share/PLI/lib/linux64:/home/rhino/1-EssentialAPP/Synopsys/verdi/Verdi_O-2018.09-SP2/share/NPI/lib/LINUX64_GNU_520:/home/rhino/1-EssentialAPP/Synopsys/verdi/Verdi_O-2018.09-SP2/share/PLI/lib/linux64:/home/rhino/1-EssentialAPP/Synopsys/verdi/Verdi_O-2018.09-SP2/share/NPI/lib/LINUX64_GNU_520:/home/rhino/1-EssentialAPP/Synopsys/verdi/Verdi_O-2018.09-SP2/share/PLI/lib/linux64:/home/rhino/1-EssentialAPP/Synopsys/verdi/Verdi_O-2018.09-SP2/share/NPI/lib/LINUX64_GNU_520:/home/rhino/1-EssentialAPP/Synopsys/verdi/Verdi_O-2018.09-SP2/share/PLI/lib/linux64:/home/rhino/1-EssentialAPP/Synopsys/verdi/Verdi_O-2018.09-SP2/share/NPI/lib/LINUX64_GNU_520:/home/rhino/1-EssentialAPP/Synopsys/verdi/Verdi_O-2018.09-SP2/share/PLI/lib/linux64:/home/rhino/1-EssentialAPP/Synopsys/verdi/Verdi_O-2018.09-SP2/share/NPI/lib/LINUX64_GNU_520:/home/rhino/1-EssentialAPP/Synopsys/verdi/Verdi_O-2018.09-SP2/share/PLI/lib/linux64::/home/rhino/1-EssentialAPP/Synopsys/verdi/Verdi_O-2018.09-SP2/share/PLI/VCS/LINUX64:/home/rhino/1-EssentialAPP/Synopsys/verdi/Verdi_O-2018.09-SP2/share/PLI/VCS/LINUX64:/home/rhino/1-EssentialAPP/Synopsys/verdi/Verdi_O-2018.09-SP2/share/PLI/VCS/LINUX64
XDG_RUNTIME_DIR=/run/user/1000
DEBUGINFOD_URLS=https://debuginfod.archlinux.org 
LC_TIME=fil_PH
P9K_SSH=0
QT_AUTO_SCREEN_SCALE_FACTOR=0
JOURNAL_STREAM=9:14104
DVE_HOME=/home/rhino/1-EssentialAPP/Synopsys/vcs/O-2018.09-SP2/gui/dve
GTK3_MODULES=xapp-gtk3-module
XDG_DATA_DIRS=/home/rhino/.local/share/flatpak/exports/share:/var/lib/flatpak/exports/share:/usr/local/share:/usr/share:/var/lib/snapd/desktop
KDE_FULL_SESSION=true
SYNOPSYS_DIR=/home/rhino/1-EssentialAPP/Synopsys
PATH=/home/rhino/1-EssentialAPP/Synopsys/scl/2018.06/linux64/bin:/home/rhino/1-EssentialAPP/Synopsys/verdi/Verdi_O-2018.09-SP2/bin:/home/rhino/1-EssentialAPP/Synopsys/vcs/O-2018.09-SP2/bin:/home/rhino/1-EssentialAPP/Synopsys/scl/2018.06/linux64/bin:/home/rhino/1-EssentialAPP/Synopsys/verdi/Verdi_O-2018.09-SP2/bin:/home/rhino/1-EssentialAPP/Synopsys/vcs/O-2018.09-SP2/bin:/home/rhino/1-EssentialAPP/Synopsys/scl/2018.06/linux64/bin:/home/rhino/1-EssentialAPP/Synopsys/verdi/Verdi_O-2018.09-SP2/bin:/home/rhino/1-EssentialAPP/Synopsys/vcs/O-2018.09-SP2/bin:/scl/2018.06/linux64/bin:/verdi/Verdi_O-2018.09-SP2/bin:/vcs/O-2018.09-SP2/bin:/home/rhino/1-EssentialAPP/Synopsys/scl/2018.06/linux64/bin:/home/rhino/1-EssentialAPP/Synopsys/verdi/Verdi_O-2018.09-SP2/bin:/home/rhino/1-EssentialAPP/Synopsys/vcs/O-2018.09-SP2/bin:/home/rhino/1-EssentialAPP/Synopsys/vcs/O-2018.09-SP2/gui/dve/bin:/home/rhino/1-EssentialAPP/Synopsys/scl/2018.06/linux64/bin:/home/rhino/1-EssentialAPP/Synopsys/verdi/Verdi_O-2018.09-SP2/bin:/home/rhino/1-EssentialAPP/Synopsys/vcs/O-2018.09-SP2/bin:/home/rhino/1-EssentialAPP/Synopsys/vcs/O-2018.09-SP2/gui/dve/bin:/home/rhino/1-EssentialAPP/Synopsys/scl/2018.06/linux64/bin:/home/rhino/1-EssentialAPP/Synopsys/verdi/Verdi_O-2018.09-SP2/bin:/home/rhino/1-EssentialAPP/Synopsys/vcs/O-2018.09-SP2/bin:/home/rhino/1-EssentialAPP/Synopsys/vcs/O-2018.09-SP2/gui/dve/bin:/home/rhino/1-EssentialAPP/Synopsys/scl/2018.06/linux64/bin:/home/rhino/1-EssentialAPP/Synopsys/verdi/Verdi_O-2018.09-SP2/bin:/home/rhino/1-EssentialAPP/Synopsys/vcs/O-2018.09-SP2/bin:/home/rhino/1-EssentialAPP/Synopsys/vcs/O-2018.09-SP2/gui/dve/bin:/home/rhino/1-EssentialAPP/Synopsys/scl/2018.06/linux64/bin:/home/rhino/1-EssentialAPP/Synopsys/verdi/Verdi_O-2018.09-SP2/bin:/home/rhino/1-EssentialAPP/Synopsys/vcs/O-2018.09-SP2/bin:/home/rhino/1-EssentialAPP/Synopsys/vcs/O-2018.09-SP2/gui/dve/bin:/home/rhino/1-EssentialAPP/Synopsys/scl/2018.06/linux64/bin:/home/rhino/1-EssentialAPP/Synopsys/verdi/Verdi_O-2018.09-SP2/bin:/home/rhino/1-EssentialAPP/Synopsys/vcs/O-2018.09-SP2/bin:/home/rhino/1-EssentialAPP/Synopsys/vcs/O-2018.09-SP2/gui/dve/bin:/home/rhino/.local/bin:/usr/local/sbin:/usr/local/bin:/usr/bin:/var/lib/flatpak/exports/bin:/usr/bin/site_perl:/usr/bin/vendor_perl:/usr/bin/core_perl:/var/lib/snapd/snap/bin
DBUS_SESSION_BUS_ADDRESS=unix:path=/run/user/1000/bus
KDE_APPLICATIONS_AS_SCOPE=1
HG=/usr/bin/hg
MAIL=/var/spool/mail/rhino
LC_NUMERIC=fil_PH
OLDPWD=/home/rhino/3-Github/TMR_iCE40UP5K
NOVAS_HOME=/home/rhino/1-EssentialAPP/Synopsys/verdi/Verdi_O-2018.09-SP2
KONSOLE_DBUS_WINDOW=/Windows/1
_=./run_me_before_verdi.bin
VCS_HEAP_EXEC=true
VCS_PATHMAP_PRELOAD_DONE=1
VCS_STACK_EXEC=true
VCS_EXEC_DONE=1
LC_ALL=C
DVE=/home/rhino/1-EssentialAPP/Synopsys/vcs/O-2018.09-SP2/gui/dve
SPECMAN_OUTPUT_TO_TTY=1
Runtime command line arguments:
argv[0]=./run_me_before_verdi.bin
266 profile - 100
          CPU/Mem usage: 0.030 sys,  0.140 user,  182.03M mem
267 Fri Apr 11 14:46:37 2025
268 pliAppInit
269 FSDB_GATE is set.
270 FSDB_RTL is set.
271 Enable Parallel Dumping.
272 pliAppMiscSet: New Sim Round
273 pliEntryInit
274 LIBSSCORE=found /home/rhino/1-EssentialAPP/Synopsys/verdi/Verdi_O-2018.09-SP2/share/PLI/lib/LINUXAMD64/libsscore_vcs201809.so through $NOVAS_HOME setting.
275 FSDB Dumper for VCS, Release Verdi_O-2018.09-SP2, Linux x86_64/64bit, 02/21/2019
276 (C) 1996 - 2019 by Synopsys, Inc.
277 sps_call_fsdbDumpfile_main at 0 : zuart_controller_tb.v(13)
278 argv[0]: (zuart_controller_tb.fsdb)
279 *Verdi* : Create FSDB file 'zuart_controller_tb.fsdb'
280 compile option from '/home/rhino/3-Github/TMR_iCE40UP5K/uart/run_me_before_verdi.bin.daidir/vcs_rebuild'.
281   "vcs '-full64' '-Mupdate' '-debug_access+all' '-o' 'run_me_before_verdi.bin' 'zuart_controller.v' 'zuart_controller_tb.v' 2>&1"
282 FSDB_VCS_ENABLE_FAST_VC is enable
283 sps_call_fsdbDumpvars_vd_main at 0 : zuart_controller_tb.v(14)
284 argv[0]: (0)
285 [spi_vcs_vd_ppi_create_root]: no upf option
286 FSDB dumper cannot dump UPF related power signal ($power_tree): no ppiPowerNetwork.
287 *Verdi* : Begin traversing the scopes, layer (0).
288 *Verdi* : End of traversing.
289 pliAppHDL_DumpVarComplete traverse var: profile - 
          CPU/Mem usage: 0.030 sys,  0.140 user,  277.13M mem
                   incr: 0.000 sys,  0.000 user,  7.54M mem
                   accu: 0.000 sys,  0.000 user,  7.54M mem
              accu incr: 0.000 sys,  0.000 user,  7.54M mem

          Count usage: 26 var,  24 idcode,  15 callback
                 incr: 26 var,  24 idcode,  15 callback
                 accu: 26 var,  24 idcode,  15 callback
            accu incr: 26 var,  24 idcode,  15 callback
290 Fri Apr 11 14:46:37 2025
291 pliAppHDL_DumpVarComplete: profile - 
          CPU/Mem usage: 0.030 sys,  0.140 user,  278.18M mem
                   incr: 0.000 sys,  0.000 user,  1.05M mem
                   accu: 0.000 sys,  0.000 user,  8.60M mem
              accu incr: 0.000 sys,  0.000 user,  1.05M mem

          Count usage: 26 var,  24 idcode,  15 callback
                 incr: 0 var,  0 idcode,  0 callback
                 accu: 26 var,  24 idcode,  15 callback
            accu incr: 0 var,  0 idcode,  0 callback
292 Fri Apr 11 14:46:37 2025
293 End of simulation at 1730
294 Fri Apr 11 14:46:37 2025
295 Begin FSDB profile info:
296 FSDB Writer : bc1(203) bcn(107) mtf/stf(0/0)
FSDB Writer elapsed time : flush(0.002616) io wait(0.000000) theadpool wait(0.000000) target functin(0.000000)
FSDB Writer cpu time : MT Compression : 0
297 End FSDB profile info
298 Parallel profile    -  Flush:3 Expand:0 ProduceWait:0 ConsumerWait:0 BlockUsed:0
299                        ProduceTime:0.183666191 ConsumerTime:0.000000000 Buffer:64MB
300 SimExit
301 Sim process exit
